{
  "RSpec": {
    "coverage": {
      "/Users/austin/Projects/Makers_Academy/full_time/week4/Project/coop/edlowther/bookmark_manager/spec/features/add_tags_spec.rb": [
        1,
        1,
        null,
        null,
        null,
        null,
        null,
        null,
        1,
        1,
        null,
        null
      ],
      "/Users/austin/Projects/Makers_Academy/full_time/week4/Project/coop/edlowther/bookmark_manager/spec/features/creating_links_spec.rb": [
        1,
        1,
        1,
        1,
        1,
        1,
        1,
        null,
        null
      ],
      "/Users/austin/Projects/Makers_Academy/full_time/week4/Project/coop/edlowther/bookmark_manager/spec/features/list_spec.rb": [
        1,
        1,
        null,
        null,
        null,
        null,
        null,
        1,
        1,
        1,
        null,
        null,
        null
      ]
    },
    "timestamp": 1508329722
  }
}
